<?xml version="1.0" encoding="UTF-8"?>
<!-- Generated by org.testng.reporters.JUnitReportReporter -->
<testsuite hostname="HOME" failures="0" tests="4" name="org.test.insureme.AppTest" time="0.007" errors="0" timestamp="25 Nov 2023 04:41:52 GMT">
  <testcase classname="org.test.insureme.AppTest" name="shouldAnswerWithTrue" time="0.000"/>
  <testcase classname="org.test.insureme.AppTest" name="testMethodTwo" time="0.001"/>
  <testcase classname="org.test.insureme.AppTest" name="testMethodOne" time="0.000"/>
  <testcase classname="org.test.insureme.AppTest" name="testMethodThree" time="0.006"/>
</testsuite> <!-- org.test.insureme.AppTest -->
